<?xml version="1.0" encoding="UTF-8"?>
<!-- Generated by org.testng.reporters.JUnitReportReporter -->
<testsuite hostname="USPL-329" failures="0" tests="3" name="TestNG.LoginTestNG" time="6.063" errors="0" timestamp="2024-10-09T13:02:47 IST" skipped="0">
  <testcase classname="TestNG.LoginTestNG" name="openURL" time="2.139"/>
  <testcase classname="TestNG.LoginTestNG" name="Login" time="0.617"/>
  <testcase classname="TestNG.LoginTestNG" name="Logout" time="3.307"/>
</testsuite> <!-- TestNG.LoginTestNG -->
