<?xml version="1.0" encoding="UTF-8"?>
<!-- Generated by org.testng.reporters.JUnitReportReporter -->
<testsuite hostname="USPL-329" failures="0" tests="1" name="TestNG.SuiteTest" time="0.010" errors="0" timestamp="2024-10-09T17:22:11 IST" skipped="0">
  <testcase classname="TestNG.SuiteTest" name="bftestTest" time="0.010"/>
</testsuite> <!-- TestNG.SuiteTest -->
