<?xml version="1.0" encoding="UTF-8"?>
<!-- Generated by org.testng.reporters.JUnitReportReporter -->
<testsuite hostname="USPL-329" failures="0" tests="2" name="TestNG.BefAfMethod" time="0.008" errors="0" timestamp="2024-10-09T15:42:00 IST" skipped="0">
  <testcase classname="TestNG.BefAfMethod" name="search" time="0.006"/>
  <testcase classname="TestNG.BefAfMethod" name="AdvSearch" time="0.002"/>
</testsuite> <!-- TestNG.BefAfMethod -->
